
4월 29, 2019 22:36:05.77 NEW SESSION
4월 29, 2019 22:36:05.77 [6128:7156:0429/223605.772:ERROR:browser_process_sub_thread.cc(209)] Waited 19 ms for network service
4월 29, 2019 22:36:05.83 
4월 29, 2019 22:36:05.83 KLIB_SelfTest return : KLR_OK

5월 01, 2019 02:13:18.05 NEW SESSION
5월 01, 2019 02:13:18.05 [8768:6072:0501/021318.051:ERROR:browser_process_sub_thread.cc(209)] Waited 43 ms for network service
5월 01, 2019 02:13:18.14 
5월 01, 2019 02:13:18.14 KLIB_SelfTest return : KLR_OK

5월 02, 2019 02:07:57.72 NEW SESSION
5월 02, 2019 02:07:57.72 
5월 02, 2019 02:07:57.72 KLIB_SelfTest return : KLR_OK
5월 02, 2019 02:07:57.72 [15872:17260:0502/020757.528:ERROR:browser_process_sub_thread.cc(209)] Waited 23 ms for network service

5월 02, 2019 22:08:18.34 NEW SESSION
5월 02, 2019 22:08:18.34 [18268:16960:0502/220818.340:ERROR:browser_process_sub_thread.cc(209)] Waited 31 ms for network service
5월 02, 2019 22:08:18.42 
5월 02, 2019 22:08:18.43 KLIB_SelfTest return : KLR_OK
5월 02, 2019 22:15:47.07 [16348:6588:0502/221547.073:ERROR:browser_process_sub_thread.cc(209)] Waited 25 ms for network service
5월 02, 2019 22:15:47.12 
5월 02, 2019 22:15:47.13 KLIB_SelfTest return : KLR_OK
5월 02, 2019 22:53:09.44 [4360:16552:0502/225309.440:ERROR:browser_process_sub_thread.cc(209)] Waited 19 ms for network service
5월 02, 2019 22:53:09.47 
5월 02, 2019 22:53:09.48 KLIB_SelfTest return : KLR_OK

5월 11, 2019 03:37:41.45 NEW SESSION
5월 11, 2019 03:37:41.45 [3832:3008:0511/033741.449:ERROR:browser_process_sub_thread.cc(217)] Waited 43 ms for network service
5월 11, 2019 03:37:41.54 
5월 11, 2019 03:37:41.55 KLIB_SelfTest return : KLR_OK

5월 16, 2019 23:10:48.86 NEW SESSION
5월 16, 2019 23:10:48.86 [7712:9040:0516/231048.854:ERROR:shader_disk_cache.cc(258)] Failed to create shader cache entry: -2
